{"level":"info","message":"Authorization header: eyJhbGciOiJIUzI1NiIsInR5cCI6IkpXVCJ9.eyJ1c2VySWQiOjksInVzZXJuYW1lIjoibW9zaGk5IiwiaWF0IjoxNjgyNzg0ODQ5LCJleHAiOjE2ODI3OTU2NDl9.KdVEoS09FLi36zKO4kE_lCyD5QfoZk6ScbyI9c0Knco","service":"user-service"}
{"level":"info","message":"On continue à la suite","service":"user-service"}
{"level":"info","message":"Authorization header: eyJhbGciOiJIUzI1NiIsInR5cCI6IkpXVCJ9.eyJ1c2VySWQiOjksInVzZXJuYW1lIjoibW9zaGk5IiwiaWF0IjoxNjgyNzg0ODQ5LCJleHAiOjE2ODI3OTU2NDl9.KdVEoS09FLi36zKO4kE_lCyD5QfoZk6ScbyI9c0Knco","service":"user-service"}
{"level":"info","message":"On continue à la suite","service":"user-service"}
{"level":"info","message":"Authorization header: eyJhbGciOiJIUzI1NiIsInR5cCI6IkpXVCJ9.eyJ1c2VySWQiOjksInVzZXJuYW1lIjoibW9zaGk5IiwiaWF0IjoxNjgyNzg0ODQ5LCJleHAiOjE2ODI3OTU2NDl9.KdVEoS09FLi36zKO4kE_lCyD5QfoZk6ScbyI9c0Knco","service":"user-service"}
{"level":"info","message":"On continue à la suite","service":"user-service"}
{"level":"info","message":"Authorization header: eyJhbGciOiJIUzI1NiIsInR5cCI6IkpXVCJ9.eyJ1c2VySWQiOjksInVzZXJuYW1lIjoibW9zaGk5IiwiaWF0IjoxNjgyNzg0ODQ5LCJleHAiOjE2ODI3OTU2NDl9.KdVEoS09FLi36zKO4kE_lCyD5QfoZk6ScbyI9c0Knco","service":"user-service"}
{"level":"info","message":"On continue à la suite","service":"user-service"}
{"level":"info","message":"Authorization header: eyJhbGciOiJIUzI1NiIsInR5cCI6IkpXVCJ9.eyJ1c2VySWQiOjksInVzZXJuYW1lIjoibW9zaGk5IiwiaWF0IjoxNjgyNzg0ODQ5LCJleHAiOjE2ODI3OTU2NDl9.KdVEoS09FLi36zKO4kE_lCyD5QfoZk6ScbyI9c0Knco","service":"user-service"}
{"level":"info","message":"On continue à la suite","service":"user-service"}
{"level":"info","message":"Authorization header: eyJhbGciOiJIUzI1NiIsInR5cCI6IkpXVCJ9.eyJ1c2VySWQiOjksInVzZXJuYW1lIjoibW9zaGk5IiwiaWF0IjoxNjgyNzg0ODQ5LCJleHAiOjE2ODI3OTU2NDl9.KdVEoS09FLi36zKO4kE_lCyD5QfoZk6ScbyI9c0Knco","service":"user-service"}
{"level":"info","message":"On continue à la suite","service":"user-service"}
{"level":"info","message":"Authorization header: eyJhbGciOiJIUzI1NiIsInR5cCI6IkpXVCJ9.eyJ1c2VySWQiOjksInVzZXJuYW1lIjoibW9zaGk5IiwiaWF0IjoxNjgyNzg0ODQ5LCJleHAiOjE2ODI3OTU2NDl9.KdVEoS09FLi36zKO4kE_lCyD5QfoZk6ScbyI9c0Knco","service":"user-service"}
{"level":"info","message":"On continue à la suite","service":"user-service"}
{"level":"info","message":"Authorization header: eyJhbGciOiJIUzI1NiIsInR5cCI6IkpXVCJ9.eyJ1c2VySWQiOjksInVzZXJuYW1lIjoibW9zaGk5IiwiaWF0IjoxNjgyNzg0ODQ5LCJleHAiOjE2ODI3OTU2NDl9.KdVEoS09FLi36zKO4kE_lCyD5QfoZk6ScbyI9c0Knco","service":"user-service"}
{"level":"info","message":"On continue à la suite","service":"user-service"}
{"level":"info","message":"le user est : 9 et la seconde langue est : 2","service":"user-service"}
{"level":"info","message":"Authorization header: eyJhbGciOiJIUzI1NiIsInR5cCI6IkpXVCJ9.eyJ1c2VySWQiOjksInVzZXJuYW1lIjoibW9zaGk5IiwiaWF0IjoxNjgyNzg0ODQ5LCJleHAiOjE2ODI3OTU2NDl9.KdVEoS09FLi36zKO4kE_lCyD5QfoZk6ScbyI9c0Knco","service":"user-service"}
{"level":"info","message":"On continue à la suite","service":"user-service"}
{"level":"info","message":"le user est : 9 et la seconde langue est : 2","service":"user-service"}
{"level":"info","message":"le user est bien géré","service":"user-service"}
{"level":"info","message":"Authorization header: eyJhbGciOiJIUzI1NiIsInR5cCI6IkpXVCJ9.eyJ1c2VySWQiOjksInVzZXJuYW1lIjoibW9zaGk5IiwiaWF0IjoxNjgyNzg0ODQ5LCJleHAiOjE2ODI3OTU2NDl9.KdVEoS09FLi36zKO4kE_lCyD5QfoZk6ScbyI9c0Knco","service":"user-service"}
{"level":"info","message":"On continue à la suite","service":"user-service"}
{"level":"info","message":"le user est : 9 et la seconde langue est : 2","service":"user-service"}
{"level":"info","message":"le user est bien géré","service":"user-service"}
{"level":"info","message":"le user est : 9 et la seconde langue est : 2","service":"user-service"}
{"level":"info","message":"le user est bien géré","service":"user-service"}
{"level":"info","message":"le user est : 9 et la seconde langue est : 2","service":"user-service"}
{"level":"info","message":"le user est bien géré","service":"user-service"}
{"level":"info","message":"le user est : null et la seconde langue est : 2","service":"user-service"}
{"level":"info","message":"Authorization header: eyJhbGciOiJIUzI1NiIsInR5cCI6IkpXVCJ9.eyJ1c2VySWQiOjksInVzZXJuYW1lIjoibW9zaGk5IiwiaWF0IjoxNjgyNzkwMzkwLCJleHAiOjE2ODI4MDExOTB9.PKw0Z2Q8XwZVkoFQuuEPLhTGD3GUgwS54Dl8-4UsMG4","service":"user-service"}
{"level":"info","message":"On continue à la suite","service":"user-service"}
{"level":"info","message":"Authorization header: eyJhbGciOiJIUzI1NiIsInR5cCI6IkpXVCJ9.eyJ1c2VySWQiOjksInVzZXJuYW1lIjoibW9zaGk5IiwiaWF0IjoxNjgyNzkwMzkwLCJleHAiOjE2ODI4MDExOTB9.PKw0Z2Q8XwZVkoFQuuEPLhTGD3GUgwS54Dl8-4UsMG4","service":"user-service"}
{"level":"info","message":"On continue à la suite","service":"user-service"}
{"level":"info","message":"le user est : 9 et la seconde langue est : 2","service":"user-service"}
{"level":"info","message":"le user est bien géré","service":"user-service"}
{"level":"info","message":"le user est : null et la seconde langue est : 2","service":"user-service"}
{"level":"info","message":"Authorization header: eyJhbGciOiJIUzI1NiIsInR5cCI6IkpXVCJ9.eyJ1c2VySWQiOjksInVzZXJuYW1lIjoibW9zaGk5IiwiaWF0IjoxNjgyNzkwNTE0LCJleHAiOjE2ODI4MDEzMTR9.PNblONd6RXb1r_hk-DaIApdx2KqGe2xSqtV6AaF5aJk","service":"user-service"}
{"level":"info","message":"On continue à la suite","service":"user-service"}
{"level":"info","message":"le user est : 9 et la seconde langue est : 2","service":"user-service"}
{"level":"info","message":"le user est bien géré","service":"user-service"}
{"level":"info","message":"le user est : null et la seconde langue est : 2","service":"user-service"}
{"level":"info","message":"Authorization header: eyJhbGciOiJIUzI1NiIsInR5cCI6IkpXVCJ9.eyJ1c2VySWQiOjksInVzZXJuYW1lIjoibW9zaGk5IiwiaWF0IjoxNjgyNzkwNTMzLCJleHAiOjE2ODI4MDEzMzN9._-4llOgnsePBCf63a3-t-KfHCZH1g64kRqll7_6quIE","service":"user-service"}
{"level":"info","message":"On continue à la suite","service":"user-service"}
{"level":"info","message":"le user est : 9 et la seconde langue est : 2","service":"user-service"}
{"level":"info","message":"le user est bien géré","service":"user-service"}
{"level":"info","message":"le user est : 9 et la seconde langue est : 2","service":"user-service"}
{"level":"info","message":"le user est bien géré","service":"user-service"}
{"level":"info","message":"Authorization header: eyJhbGciOiJIUzI1NiIsInR5cCI6IkpXVCJ9.eyJ1c2VySWQiOjksInVzZXJuYW1lIjoibW9zaGk5IiwiaWF0IjoxNjgyNzkwNTMzLCJleHAiOjE2ODI4MDEzMzN9._-4llOgnsePBCf63a3-t-KfHCZH1g64kRqll7_6quIE","service":"user-service"}
{"level":"info","message":"On continue à la suite","service":"user-service"}
{"level":"info","message":"le user est : 9 et la seconde langue est : 2","service":"user-service"}
{"level":"info","message":"le user est bien géré","service":"user-service"}
{"level":"info","message":[{"id":55,"language_id":1,"score":80,"user_id":9}],"service":"user-service"}
{"level":"info","message":"Authorization header: eyJhbGciOiJIUzI1NiIsInR5cCI6IkpXVCJ9.eyJ1c2VySWQiOjksInVzZXJuYW1lIjoibW9zaGk5IiwiaWF0IjoxNjgyNzkwNTMzLCJleHAiOjE2ODI4MDEzMzN9._-4llOgnsePBCf63a3-t-KfHCZH1g64kRqll7_6quIE","service":"user-service"}
{"level":"info","message":"On continue à la suite","service":"user-service"}
{"level":"info","message":"le user est : 9 et la seconde langue est : 2","service":"user-service"}
{"level":"info","message":"le user est bien géré","service":"user-service"}
{"level":"info","message":80.25,"service":"user-service"}
{"level":"info","message":"Authorization header: eyJhbGciOiJIUzI1NiIsInR5cCI6IkpXVCJ9.eyJ1c2VySWQiOjksInVzZXJuYW1lIjoibW9zaGk5IiwiaWF0IjoxNjgyNzkwNTMzLCJleHAiOjE2ODI4MDEzMzN9._-4llOgnsePBCf63a3-t-KfHCZH1g64kRqll7_6quIE","service":"user-service"}
{"level":"info","message":"On continue à la suite","service":"user-service"}
{"level":"info","message":"le user est : 9 et la seconde langue est : 2","service":"user-service"}
{"level":"info","message":"le user est bien géré","service":"user-service"}
